<?xml version="1.0" encoding="UTF-8"?>
<testng-results ignored="0" total="2" passed="2" failed="0" skipped="0">
  <reporter-output>
    <line>
      <![CDATA[Test2-sampleTest]]>
    </line>
    <line>
      <![CDATA[Test3-sampleTest]]>
    </line>
  </reporter-output>
  <suite started-at="2024-06-18T10:21:11 IST" name="Suite" finished-at="2024-06-18T10:21:11 IST" duration-ms="46">
    <groups>
    </groups>
    <test started-at="2024-06-18T10:21:11 IST" name="Test" finished-at="2024-06-18T10:21:11 IST" duration-ms="46">
      <class name="tests.Test2">
        <test-method signature="Test1()[pri:0, instance:tests.Test2@47af7f3d]" started-at="2024-06-18T10:21:11 IST" name="Test1" finished-at="2024-06-18T10:21:11 IST" duration-ms="9" status="PASS">
          <reporter-output>
            <line>
              <![CDATA[Test2-sampleTest]]>
            </line>
          </reporter-output>
        </test-method> <!-- Test1 -->
      </class> <!-- tests.Test2 -->
      <class name="tests.Test3">
        <test-method signature="Test1()[pri:0, instance:tests.Test3@2e005c4b]" started-at="2024-06-18T10:21:11 IST" name="Test1" finished-at="2024-06-18T10:21:11 IST" duration-ms="2" status="PASS">
          <reporter-output>
            <line>
              <![CDATA[Test3-sampleTest]]>
            </line>
          </reporter-output>
        </test-method> <!-- Test1 -->
      </class> <!-- tests.Test3 -->
    </test> <!-- Test -->
  </suite> <!-- Suite -->
</testng-results>
